<?xml version="1.0" encoding="UTF-8"?>
<!-- Generated by org.testng.reporters.JUnitReportReporter -->
<testsuite hostname="Raghib-Laptop" failures="0" tests="1" name="com.raghib.testngwithxml.UserTest" time="0.021" errors="0" timestamp="2023-05-30T13:04:03 IST" skipped="0">
  <testcase classname="com.raghib.testngwithxml.UserTest" name="f" time="0.021"/>
  <system-out/>
</testsuite> <!-- com.raghib.testngwithxml.UserTest -->
