<?xml version="1.0" encoding="UTF-8"?>
<!-- Generated by org.testng.reporters.JUnitReportReporter -->
<testsuite skipped="0" hostname="LAPTOP-NR1KSVT0" name="com.raghib.mymavenproject.UserTest" tests="1" failures="0" timestamp="2021-02-25T20:45:02 IST" time="1.854" errors="0">
  <testcase name="f" time="1.854" classname="com.raghib.mymavenproject.UserTest"/>
  <system-out/>
</testsuite> <!-- com.raghib.mymavenproject.UserTest -->
