<?xml version="1.0" encoding="UTF-8"?>
<!-- Generated by org.testng.reporters.JUnitReportReporter -->
<testsuite hostname="DESKTOP-RHAVO5R" failures="0" tests="1" name="com.raghib.testngwithxml.UserTest" time="0.709" errors="0" timestamp="2023-06-22T20:26:14 IST" skipped="0">
  <testcase classname="com.raghib.testngwithxml.UserTest" name="f" time="0.709"/>
  <system-out/>
</testsuite> <!-- com.raghib.testngwithxml.UserTest -->
